2019-11-05 09:04:24,629 [Worker-3: Loading available Gradle versions] INFO  o.e.b.c.i.u.g.PublishedGradleVersions - Gradle version information cache is up-to-date. Trying to read.
2019-11-05 09:07:27,573 [Worker-4: Creating maven-archetype-quickstart] INFO  o.e.m.c.i.p.ProjectConfigurationManager - Collecting project info '/pom.xml' C:\Users\lenovo\Desktop\BICOCCA\3° ANNO\ingegneria del software\laboratorio\29-10-2019\esercizio3\quickstart\pom.xml
2019-11-05 09:07:31,315 [Worker-4: Creating maven-archetype-quickstart] INFO  o.e.m.c.i.l.LifecycleMappingFactory - Using org.eclipse.m2e.jdt.JarLifecycleMapping lifecycle mapping for MavenProject: com.vogella.maven:quickstart:0.0.1-SNAPSHOT @ C:\Users\lenovo\Desktop\BICOCCA\3° ANNO\ingegneria del software\laboratorio\29-10-2019\esercizio3\quickstart\pom.xml.
2019-11-05 09:07:32,727 [Worker-4: Creating maven-archetype-quickstart] INFO  o.e.m.j.i.AbstractJavaProjectConfigurator - Adding source folder /quickstart/src/main/java
2019-11-05 09:07:32,737 [Worker-4: Creating maven-archetype-quickstart] INFO  o.e.m.j.i.AbstractJavaProjectConfigurator - Adding source folder /quickstart/src/test/java
2019-11-05 09:07:33,571 [Worker-4: Creating maven-archetype-quickstart] INFO  o.e.m.c.i.p.ProjectConfigurationManager - Imported and configured 1 project(s) in 5 sec
2019-11-05 09:07:34,229 [Worker-2: Building workspace] INFO  o.e.m.c.i.embedder.EclipseLogger - Using 'UTF-8' encoding to copy filtered resources.
2019-11-05 09:07:34,230 [Worker-2: Building workspace] INFO  o.e.m.c.i.embedder.EclipseLogger - skip non existing resourceDirectory C:\Users\lenovo\Desktop\BICOCCA\3° ANNO\ingegneria del software\laboratorio\29-10-2019\esercizio3\quickstart\src\main\resources
2019-11-05 09:07:34,232 [Worker-2: Building workspace] INFO  o.e.m.c.i.embedder.EclipseLogger - Using 'UTF-8' encoding to copy filtered resources.
2019-11-05 09:07:34,232 [Worker-2: Building workspace] INFO  o.e.m.c.i.embedder.EclipseLogger - skip non existing resourceDirectory C:\Users\lenovo\Desktop\BICOCCA\3° ANNO\ingegneria del software\laboratorio\29-10-2019\esercizio3\quickstart\src\test\resources
2019-11-05 09:07:49,660 [main] INFO  o.e.m2e.actions.ExecutePomAction - Creating new launch configuration
2019-11-05 09:08:05,992 [Worker-14: Launching quickstart] INFO  o.e.m.i.launch.MavenLaunchDelegate - C:\Users\lenovo\Desktop\BICOCCA\3° ANNO\ingegneria del software\laboratorio\29-10-2019\esercizio3\quickstart
2019-11-05 09:08:05,993 [Worker-14: Launching quickstart] INFO  o.e.m.i.launch.MavenLaunchDelegate -  mvn -B clean verify
2019-11-05 09:09:55,744 [Worker-3: Building workspace] INFO  o.e.m.c.i.embedder.EclipseLogger - Using 'UTF-8' encoding to copy filtered resources.
2019-11-05 09:09:55,745 [Worker-3: Building workspace] INFO  o.e.m.c.i.embedder.EclipseLogger - skip non existing resourceDirectory C:\Users\lenovo\Desktop\BICOCCA\3° ANNO\ingegneria del software\laboratorio\29-10-2019\esercizio3\quickstart\src\main\resources
2019-11-05 09:09:55,746 [Worker-3: Building workspace] INFO  o.e.m.c.i.embedder.EclipseLogger - Using 'UTF-8' encoding to copy filtered resources.
2019-11-05 09:09:55,754 [Worker-3: Building workspace] INFO  o.e.m.c.i.embedder.EclipseLogger - skip non existing resourceDirectory C:\Users\lenovo\Desktop\BICOCCA\3° ANNO\ingegneria del software\laboratorio\29-10-2019\esercizio3\quickstart\src\test\resources
2019-11-05 09:10:01,874 [main] INFO  o.e.m2e.actions.ExecutePomAction - Creating new launch configuration
2019-11-05 09:10:14,498 [Worker-4: Launching quickstart (1)] INFO  o.e.m.i.launch.MavenLaunchDelegate - C:\Users\lenovo\Desktop\BICOCCA\3° ANNO\ingegneria del software\laboratorio\29-10-2019\esercizio3\quickstart
2019-11-05 09:10:14,498 [Worker-4: Launching quickstart (1)] INFO  o.e.m.i.launch.MavenLaunchDelegate -  mvn -B clean verify
2019-11-05 09:14:02,494 [main] INFO  o.e.m2e.actions.ExecutePomAction - Creating new launch configuration
2019-11-05 09:14:09,455 [Worker-7: Launching quickstart (2)] INFO  o.e.m.i.launch.MavenLaunchDelegate - C:\Users\lenovo\Desktop\BICOCCA\3° ANNO\ingegneria del software\laboratorio\29-10-2019\esercizio3\quickstart
2019-11-05 09:14:09,462 [Worker-7: Launching quickstart (2)] INFO  o.e.m.i.launch.MavenLaunchDelegate -  mvn -B clean verify
2019-11-05 09:16:14,253 [Worker-18: Building workspace] INFO  o.e.m.c.i.l.LifecycleMappingFactory - Using org.eclipse.m2e.jdt.JarLifecycleMapping lifecycle mapping for MavenProject: com.vogella.maven:quickstart:0.0.1-SNAPSHOT @ C:\Users\lenovo\Desktop\BICOCCA\3° ANNO\ingegneria del software\laboratorio\29-10-2019\esercizio3\quickstart\pom.xml.
2019-11-05 09:16:14,520 [Worker-18: Building workspace] INFO  o.e.m.c.i.embedder.EclipseLogger - Using 'UTF-8' encoding to copy filtered resources.
2019-11-05 09:16:14,531 [Worker-18: Building workspace] INFO  o.e.m.c.i.embedder.EclipseLogger - skip non existing resourceDirectory C:\Users\lenovo\Desktop\BICOCCA\3° ANNO\ingegneria del software\laboratorio\29-10-2019\esercizio3\quickstart\src\main\resources
2019-11-05 09:16:14,542 [Worker-18: Building workspace] INFO  o.e.m.c.i.embedder.EclipseLogger - Using 'UTF-8' encoding to copy filtered resources.
2019-11-05 09:16:14,542 [Worker-18: Building workspace] INFO  o.e.m.c.i.embedder.EclipseLogger - skip non existing resourceDirectory C:\Users\lenovo\Desktop\BICOCCA\3° ANNO\ingegneria del software\laboratorio\29-10-2019\esercizio3\quickstart\src\test\resources
2019-11-05 09:16:19,261 [main] INFO  o.e.m2e.actions.ExecutePomAction - Creating new launch configuration
2019-11-05 09:16:23,221 [Worker-18: Launching quickstart (3)] INFO  o.e.m.i.launch.MavenLaunchDelegate - C:\Users\lenovo\Desktop\BICOCCA\3° ANNO\ingegneria del software\laboratorio\29-10-2019\esercizio3\quickstart
2019-11-05 09:16:23,221 [Worker-18: Launching quickstart (3)] INFO  o.e.m.i.launch.MavenLaunchDelegate -  mvn -B clean verify
2019-11-05 09:17:11,710 [Worker-21: Building workspace] INFO  o.e.m.c.i.l.LifecycleMappingFactory - Using org.eclipse.m2e.jdt.JarLifecycleMapping lifecycle mapping for MavenProject: com.vogella.maven:quickstart:0.0.1-SNAPSHOT @ C:\Users\lenovo\Desktop\BICOCCA\3° ANNO\ingegneria del software\laboratorio\29-10-2019\esercizio3\quickstart\pom.xml.
2019-11-05 09:17:12,092 [Worker-21: Building workspace] INFO  o.e.m.c.i.embedder.EclipseLogger - Using 'UTF-8' encoding to copy filtered resources.
2019-11-05 09:17:12,099 [Worker-21: Building workspace] INFO  o.e.m.c.i.embedder.EclipseLogger - skip non existing resourceDirectory C:\Users\lenovo\Desktop\BICOCCA\3° ANNO\ingegneria del software\laboratorio\29-10-2019\esercizio3\quickstart\src\main\resources
2019-11-05 09:17:12,106 [Worker-21: Building workspace] INFO  o.e.m.c.i.embedder.EclipseLogger - Using 'UTF-8' encoding to copy filtered resources.
2019-11-05 09:17:12,107 [Worker-21: Building workspace] INFO  o.e.m.c.i.embedder.EclipseLogger - skip non existing resourceDirectory C:\Users\lenovo\Desktop\BICOCCA\3° ANNO\ingegneria del software\laboratorio\29-10-2019\esercizio3\quickstart\src\test\resources
2019-11-05 09:17:15,256 [Worker-20: Building workspace] INFO  o.e.m.c.i.l.LifecycleMappingFactory - Using org.eclipse.m2e.jdt.JarLifecycleMapping lifecycle mapping for MavenProject: com.vogella.maven:quickstart:0.0.1-SNAPSHOT @ C:\Users\lenovo\Desktop\BICOCCA\3° ANNO\ingegneria del software\laboratorio\29-10-2019\esercizio3\quickstart\pom.xml.
2019-11-05 09:17:15,355 [Worker-20: Building workspace] INFO  o.e.m.c.i.embedder.EclipseLogger - Using 'UTF-8' encoding to copy filtered resources.
2019-11-05 09:17:15,355 [Worker-20: Building workspace] INFO  o.e.m.c.i.embedder.EclipseLogger - skip non existing resourceDirectory C:\Users\lenovo\Desktop\BICOCCA\3° ANNO\ingegneria del software\laboratorio\29-10-2019\esercizio3\quickstart\src\main\resources
2019-11-05 09:17:15,357 [Worker-20: Building workspace] INFO  o.e.m.c.i.embedder.EclipseLogger - Using 'UTF-8' encoding to copy filtered resources.
2019-11-05 09:17:15,364 [Worker-20: Building workspace] INFO  o.e.m.c.i.embedder.EclipseLogger - skip non existing resourceDirectory C:\Users\lenovo\Desktop\BICOCCA\3° ANNO\ingegneria del software\laboratorio\29-10-2019\esercizio3\quickstart\src\test\resources
2019-11-05 09:17:23,251 [main] INFO  o.e.m2e.actions.ExecutePomAction - Creating new launch configuration
2019-11-05 09:17:28,025 [Worker-17: Launching quickstart (4)] INFO  o.e.m.i.launch.MavenLaunchDelegate - C:\Users\lenovo\Desktop\BICOCCA\3° ANNO\ingegneria del software\laboratorio\29-10-2019\esercizio3\quickstart
2019-11-05 09:17:28,030 [Worker-17: Launching quickstart (4)] INFO  o.e.m.i.launch.MavenLaunchDelegate -  mvn -B clean verify
2019-11-05 09:20:49,142 [Worker-24: Building workspace] INFO  o.e.m.c.i.l.LifecycleMappingFactory - Using org.eclipse.m2e.jdt.JarLifecycleMapping lifecycle mapping for MavenProject: com.vogella.maven:quickstart:0.0.1-SNAPSHOT @ C:\Users\lenovo\Desktop\BICOCCA\3° ANNO\ingegneria del software\laboratorio\29-10-2019\esercizio3\quickstart\pom.xml.
2019-11-05 09:20:49,351 [Worker-24: Building workspace] INFO  o.e.m.c.i.e.AbstractTransferListenerAdapter - Downloading https://repo1.maven.org/maven2/com/google/code/gson/gson/2.3.1/gson-2.3.1.pom
2019-11-05 09:20:49,383 [Worker-24: Building workspace] INFO  o.e.m.c.i.e.AbstractTransferListenerAdapter - Downloaded https://repo1.maven.org/maven2/com/google/code/gson/gson/2.3.1/gson-2.3.1.pom
2019-11-05 09:20:49,412 [Worker-24: Building workspace] INFO  o.e.m.c.i.e.AbstractTransferListenerAdapter - Downloading https://repo1.maven.org/maven2/org/sonatype/oss/oss-parent/9/oss-parent-9.pom
2019-11-05 09:20:49,474 [Worker-24: Building workspace] INFO  o.e.m.c.i.e.AbstractTransferListenerAdapter - Downloaded https://repo1.maven.org/maven2/org/sonatype/oss/oss-parent/9/oss-parent-9.pom
2019-11-05 09:20:49,506 [Worker-24: Building workspace] INFO  o.e.m.c.i.e.AbstractTransferListenerAdapter - Downloading https://repo1.maven.org/maven2/com/google/code/gson/gson/2.3.1/gson-2.3.1.jar
2019-11-05 09:20:49,569 [Worker-24: Building workspace] INFO  o.e.m.c.i.e.AbstractTransferListenerAdapter - Downloaded https://repo1.maven.org/maven2/com/google/code/gson/gson/2.3.1/gson-2.3.1.jar
2019-11-05 09:20:49,931 [Worker-24: Building workspace] INFO  o.e.m.c.i.embedder.EclipseLogger - Using 'UTF-8' encoding to copy filtered resources.
2019-11-05 09:20:49,938 [Worker-24: Building workspace] INFO  o.e.m.c.i.embedder.EclipseLogger - skip non existing resourceDirectory C:\Users\lenovo\Desktop\BICOCCA\3° ANNO\ingegneria del software\laboratorio\29-10-2019\esercizio3\quickstart\src\main\resources
2019-11-05 09:20:49,939 [Worker-24: Building workspace] INFO  o.e.m.c.i.embedder.EclipseLogger - Using 'UTF-8' encoding to copy filtered resources.
2019-11-05 09:20:49,940 [Worker-24: Building workspace] INFO  o.e.m.c.i.embedder.EclipseLogger - skip non existing resourceDirectory C:\Users\lenovo\Desktop\BICOCCA\3° ANNO\ingegneria del software\laboratorio\29-10-2019\esercizio3\quickstart\src\test\resources
2019-11-05 09:20:50,893 [Worker-24: Download sources and javadoc] INFO  o.e.m.c.i.e.AbstractTransferListenerAdapter - Downloading https://repo1.maven.org/maven2/com/google/code/gson/gson/2.3.1/gson-2.3.1-sources.jar
2019-11-05 09:20:50,947 [Worker-24: Download sources and javadoc] INFO  o.e.m.c.i.e.AbstractTransferListenerAdapter - Downloaded https://repo1.maven.org/maven2/com/google/code/gson/gson/2.3.1/gson-2.3.1-sources.jar
2019-11-05 09:20:51,033 [Worker-24: Download sources and javadoc] INFO  o.e.m.j.internal.DownloadSourcesJob - Downloaded sources for com.google.code.gson:gson:2.3.1
2019-11-05 09:20:51,408 [Worker-22: Building workspace] INFO  o.e.m.c.i.embedder.EclipseLogger - Using 'UTF-8' encoding to copy filtered resources.
2019-11-05 09:20:51,408 [Worker-22: Building workspace] INFO  o.e.m.c.i.embedder.EclipseLogger - skip non existing resourceDirectory C:\Users\lenovo\Desktop\BICOCCA\3° ANNO\ingegneria del software\laboratorio\29-10-2019\esercizio3\quickstart\src\main\resources
2019-11-05 09:20:51,422 [Worker-22: Building workspace] INFO  o.e.m.c.i.embedder.EclipseLogger - Using 'UTF-8' encoding to copy filtered resources.
2019-11-05 09:20:51,423 [Worker-22: Building workspace] INFO  o.e.m.c.i.embedder.EclipseLogger - skip non existing resourceDirectory C:\Users\lenovo\Desktop\BICOCCA\3° ANNO\ingegneria del software\laboratorio\29-10-2019\esercizio3\quickstart\src\test\resources
2019-11-05 09:21:58,388 [Worker-23: Building workspace] INFO  o.e.m.c.i.embedder.EclipseLogger - Using 'UTF-8' encoding to copy filtered resources.
2019-11-05 09:21:58,389 [Worker-23: Building workspace] INFO  o.e.m.c.i.embedder.EclipseLogger - skip non existing resourceDirectory C:\Users\lenovo\Desktop\BICOCCA\3° ANNO\ingegneria del software\laboratorio\29-10-2019\esercizio3\quickstart\src\main\resources
2019-11-05 09:21:58,397 [Worker-23: Building workspace] INFO  o.e.m.c.i.embedder.EclipseLogger - Using 'UTF-8' encoding to copy filtered resources.
2019-11-05 09:21:58,403 [Worker-23: Building workspace] INFO  o.e.m.c.i.embedder.EclipseLogger - skip non existing resourceDirectory C:\Users\lenovo\Desktop\BICOCCA\3° ANNO\ingegneria del software\laboratorio\29-10-2019\esercizio3\quickstart\src\test\resources
2019-11-05 09:22:18,309 [main] INFO  o.e.m2e.actions.ExecutePomAction - Creating new launch configuration
2019-11-05 09:22:22,661 [Worker-25: Launching quickstart (5)] INFO  o.e.m.i.launch.MavenLaunchDelegate - C:\Users\lenovo\Desktop\BICOCCA\3° ANNO\ingegneria del software\laboratorio\29-10-2019\esercizio3\quickstart
